#
# A fatal error has been detected by the Java Runtime Environment:
#
#  EXCEPTION_ACCESS_VIOLATION (0xc0000005) at pc=0x000000005b9fff53, pid=8792, tid=2732
#
# JRE version: 7.0_11-b21
# Java VM: Java HotSpot(TM) 64-Bit Server VM (23.6-b04 mixed mode windows-amd64 compressed oops)
# Problematic frame:
# C  0x000000005b9fff53
#
# Failed to write core dump. Minidumps are not enabled by default on client versions of Windows
#
# If you would like to submit a bug report, please visit:
#   http://bugreport.sun.com/bugreport/crash.jsp
#

---------------  T H R E A D  ---------------

Current thread (0x0000000009c80800):  JavaThread "AWT-EventQueue-0" [_thread_in_vm, id=2732, stack(0x00000000a4000000,0x00000000a8000000)]

siginfo: ExceptionCode=0xc0000005, reading address 0x0000000000000001

Registers:
RAX=0x0000000000000001, RBX=0x0000000033fdace0, RCX=0x0000000034147880, RDX=0x00000000e9eca900
RSP=0x00000000a7ffe260, RBP=0x00000000e9eca900, RSI=0x0000000009f94480, RDI=0x0000000034147880
R8 =0x0000000000000000, R9 =0x00000000a7ffe3a8, R10=0x0000000034c766c8, R11=0x0000000034407ed8
R12=0x0000000000000000, R13=0x0000000000000000, R14=0x00000000a7ffe3b0, R15=0x0000000009c80800
RIP=0x000000005b9fff53, EFLAGS=0x0000000000010202

Top of Stack: (sp=0x00000000a7ffe260)
0x00000000a7ffe260:   0000000033fdace0 000000005ba009c5
0x00000000a7ffe270:   0000000009c80800 00000000000002b1
0x00000000a7ffe280:   00000000e968d2e8 00000000e9eca900
0x00000000a7ffe290:   00000000e9eca900 000000005ba00081
0x00000000a7ffe2a0:   0000000033fdace0 0000000009f94480
0x00000000a7ffe2b0:   0000000000000000 000000005b94ad99
0x00000000a7ffe2c0:   0000000009c80800 000000005b9451dd
0x00000000a7ffe2d0:   0000000034407ed8 0000000034407ed8
0x00000000a7ffe2e0:   0000000009c809d8 000000005b7015d7
0x00000000a7ffe2f0:   0000000009c80800 0000000000000000
0x00000000a7ffe300:   0000000000000070 fffffffffffffffe
0x00000000a7ffe310:   00000000a7ffe3a8 000000005b6cbdd8
0x00000000a7ffe320:   0000000009c809d8 00000000a7ffe3d0
0x00000000a7ffe330:   00000000e2182eb0 0000000000000070
0x00000000a7ffe340:   fffffffffffffffe 0000000000000000
0x00000000a7ffe350:   fffffffffffffffe 00000000349753ec 

Instructions: (pc=0x000000005b9fff53)
0x000000005b9fff33:   10 01 00 00 48 85 db 75 08 49 8b ed e9 cd fe ff
0x000000005b9fff43:   ff 48 8b 2b e9 c5 fe ff ff 48 8b 87 20 01 00 00
0x000000005b9fff53:   48 8b 08 48 89 8f 20 01 00 00 eb 16 48 63 88 00
0x000000005b9fff63:   01 00 00 48 8b d0 48 8d 04 c8 ff c1 89 8a 00 01 


Register to memory mapping:

RAX=0x0000000000000001 is an unknown value
RBX=0x0000000033fdace0 is an unknown value
RCX=0x0000000034147880 is a global jni handle
RDX=0x00000000e9eca900 is an oop
java.awt.Cursor 
 - klass: 'java/awt/Cursor'
RSP=0x00000000a7ffe260 is pointing into the stack for thread: 0x0000000009c80800
RBP=0x00000000e9eca900 is an oop
java.awt.Cursor 
 - klass: 'java/awt/Cursor'
RSI=0x0000000009f94480 is an unknown value
RDI=0x0000000034147880 is a global jni handle
R8 =0x0000000000000000 is an unknown value
R9 =0x00000000a7ffe3a8 is pointing into the stack for thread: 0x0000000009c80800
R10=0x0000000034c764d0 [CodeBlob (0x0000000034c764d0)]
Framesize: 14
R11=0x0000000034407ed8 is an unknown value
R12=0x0000000000000000 is an unknown value
R13=0x0000000000000000 is an unknown value
R14=0x00000000a7ffe3b0 is pointing into the stack for thread: 0x0000000009c80800
R15=0x0000000009c80800 is a thread


Stack: [0x00000000a4000000,0x00000000a8000000],  sp=0x00000000a7ffe260,  free space=65528k
Native frames: (J=compiled Java code, j=interpreted, Vv=VM code, C=native code)
C  0x000000005b9fff53

Java frames: (J=compiled Java code, j=interpreted, Vv=VM code)
J  sun.awt.windows.WGlobalCursorManager.setCursor(Ljava/awt/Component;Ljava/awt/Cursor;Z)V
J  sun.awt.GlobalCursorManager._updateCursor(Z)V
J  java.awt.Component.updateCursorImmediately()V
J  java.awt.Container.validate()V
j  javax.swing.CellRendererPane.paintComponent(Ljava/awt/Graphics;Ljava/awt/Component;Ljava/awt/Container;IIIIZ)V+73
J  javax.swing.plaf.basic.BasicTableUI.paintCells(Ljava/awt/Graphics;IIII)V
j  javax.swing.plaf.basic.BasicTableUI.paint(Ljava/awt/Graphics;Ljavax/swing/JComponent;)V+249
J  javax.swing.plaf.ComponentUI.update(Ljava/awt/Graphics;Ljavax/swing/JComponent;)V
J  javax.swing.JComponent.paintComponent(Ljava/awt/Graphics;)V
J  javax.swing.JComponent.paint(Ljava/awt/Graphics;)V
j  com.mathworks.widgets.recordlist.RecordlistTable.paint(Ljava/awt/Graphics;)V+12
J  javax.swing.RepaintManager$PaintManager.paintDoubleBuffered(Ljavax/swing/JComponent;Ljava/awt/Image;Ljava/awt/Graphics;IIII)V
J  javax.swing.RepaintManager$PaintManager.paint(Ljavax/swing/JComponent;Ljavax/swing/JComponent;Ljava/awt/Graphics;IIII)Z
J  javax.swing.JComponent._paintImmediately(IIII)V
J  javax.swing.JComponent.paintImmediately(IIII)V
J  javax.swing.RepaintManager.paintDirtyRegions(Ljava/util/Map;)V
j  javax.swing.RepaintManager.paintDirtyRegions()V+46
j  javax.swing.RepaintManager.prePaintDirtyRegions()V+73
j  javax.swing.RepaintManager.access$700(Ljavax/swing/RepaintManager;)V+1
j  javax.swing.RepaintManager$ProcessingRunnable.run()V+37
J  java.awt.EventQueue$3.run()Ljava/lang/Object;
v  ~StubRoutines::call_stub
J  java.security.AccessController.doPrivileged(Ljava/security/PrivilegedAction;Ljava/security/AccessControlContext;)Ljava/lang/Object;
J  java.awt.EventDispatchThread.pumpOneEventForFilters(I)V
J  java.awt.EventDispatchThread.pumpEventsForFilter(ILjava/awt/Conditional;Ljava/awt/EventFilter;)V
j  java.awt.EventDispatchThread.pumpEventsForHierarchy(ILjava/awt/Conditional;Ljava/awt/Component;)V+11
j  java.awt.EventDispatchThread.pumpEvents(ILjava/awt/Conditional;)V+4
j  java.awt.EventDispatchThread.pumpEvents(Ljava/awt/Conditional;)V+3
j  java.awt.EventDispatchThread.run()V+9
v  ~StubRoutines::call_stub

---------------  P R O C E S S  ---------------

Java Threads: ( => current thread )
  0x0000000022dc9000 JavaThread "Code Analyzer updating thread" [_thread_blocked, id=8860, stack(0x0000000158030000,0x000000015c030000)]
  0x0000000022dcb800 JavaThread "Foxtrot Single Worker Thread #1" daemon [_thread_blocked, id=7904, stack(0x0000000154030000,0x0000000158030000)]
  0x0000000070c40800 JavaThread "Code Analyzer updating thread" [_thread_blocked, id=1560, stack(0x000000009c000000,0x00000000a0000000)]
  0x0000000070c44800 JavaThread "Code Analyzer updating thread" [_thread_blocked, id=1724, stack(0x0000000017640000,0x000000001b640000)]
  0x0000000022dca800 JavaThread "Code Analyzer updating thread" [_thread_blocked, id=8668, stack(0x00000000cc000000,0x00000000d0000000)]
  0x0000000022dca000 JavaThread "Prefs Updater" daemon [_thread_blocked, id=6616, stack(0x00000000b8000000,0x00000000bc000000)]
  0x00000000677fc800 JavaThread "Code Analyzer updating thread" [_thread_blocked, id=5700, stack(0x0000000148030000,0x000000014c030000)]
  0x00000000677fc000 JavaThread "Code Analyzer updating thread" [_thread_blocked, id=8020, stack(0x0000000144030000,0x0000000148030000)]
  0x0000000070217800 JavaThread "Code Analyzer updating thread" [_thread_blocked, id=8496, stack(0x0000000140030000,0x0000000144030000)]
  0x0000000070216800 JavaThread "Code Analyzer updating thread" [_thread_blocked, id=3380, stack(0x000000013c000000,0x0000000140000000)]
  0x0000000070216000 JavaThread "Code Analyzer updating thread" [_thread_blocked, id=7532, stack(0x0000000138000000,0x000000013c000000)]
  0x0000000070215000 JavaThread "Code Analyzer updating thread" [_thread_blocked, id=2480, stack(0x0000000134000000,0x0000000138000000)]
  0x0000000070213800 JavaThread "Code Analyzer updating thread" [_thread_blocked, id=3000, stack(0x0000000130000000,0x0000000134000000)]
  0x0000000070214800 JavaThread "Code Analyzer updating thread" [_thread_blocked, id=1072, stack(0x000000012c000000,0x0000000130000000)]
  0x0000000070212800 JavaThread "Code Analyzer updating thread" [_thread_blocked, id=6928, stack(0x0000000128000000,0x000000012c000000)]
  0x0000000070211000 JavaThread "Code Analyzer updating thread" [_thread_blocked, id=2996, stack(0x0000000124000000,0x0000000128000000)]
  0x0000000070210800 JavaThread "Code Analyzer updating thread" [_thread_blocked, id=7304, stack(0x0000000120000000,0x0000000124000000)]
  0x0000000067ac2000 JavaThread "Code Analyzer updating thread" [_thread_blocked, id=6096, stack(0x000000011c000000,0x0000000120000000)]
  0x0000000067ac1000 JavaThread "Code Analyzer updating thread" [_thread_blocked, id=292, stack(0x0000000118000000,0x000000011c000000)]
  0x0000000067ac0800 JavaThread "Code Analyzer updating thread" [_thread_blocked, id=4280, stack(0x0000000114000000,0x0000000118000000)]
  0x0000000067abf800 JavaThread "Code Analyzer updating thread" [_thread_blocked, id=8928, stack(0x0000000110000000,0x0000000114000000)]
  0x0000000067abf000 JavaThread "Code Analyzer updating thread" [_thread_blocked, id=8856, stack(0x0000000108000000,0x000000010c000000)]
  0x0000000067abe000 JavaThread "Code Analyzer updating thread" [_thread_blocked, id=6400, stack(0x0000000104000000,0x0000000108000000)]
  0x0000000067abb000 JavaThread "Code Analyzer updating thread" [_thread_blocked, id=8600, stack(0x00000000d4000000,0x00000000d8000000)]
  0x0000000067abd800 JavaThread "Active Reference Queue Daemon" daemon [_thread_blocked, id=2768, stack(0x0000000100000000,0x0000000104000000)]
  0x0000000067abc800 JavaThread "Timer-1" daemon [_thread_blocked, id=6556, stack(0x00000000dc000000,0x00000000e0000000)]
  0x0000000067abc000 JavaThread "ClipboardMonitor Timer" daemon [_thread_blocked, id=1996, stack(0x00000000d8000000,0x00000000dc000000)]
  0x0000000009c86800 JavaThread "Explorer NavigationContext request queue" daemon [_thread_blocked, id=4540, stack(0x00000000d0000000,0x00000000d4000000)]
  0x0000000009c82000 JavaThread "AddressBar directory emptiness poller" daemon [_thread_blocked, id=5304, stack(0x00000000c8000000,0x00000000cc000000)]
  0x0000000009c84800 JavaThread "Explorer Refresh Service 1024250175" daemon [_thread_blocked, id=5476, stack(0x00000000c4000000,0x00000000c8000000)]
  0x0000000009c83800 JavaThread "Thread-4" daemon [_thread_blocked, id=9208, stack(0x00000000c0000000,0x00000000c4000000)]
  0x0000000009c85000 JavaThread "TimerQueue" daemon [_thread_blocked, id=7184, stack(0x00000000bc000000,0x00000000c0000000)]
  0x0000000009c81800 JavaThread "Thread-3" daemon [_thread_blocked, id=2780, stack(0x00000000a8000000,0x00000000ac000000)]
=>0x0000000009c80800 JavaThread "AWT-EventQueue-0" [_thread_in_vm, id=2732, stack(0x00000000a4000000,0x00000000a8000000)]
  0x0000000009c80000 JavaThread "AWT-Shutdown" [_thread_blocked, id=6480, stack(0x0000000094000000,0x0000000098000000)]
  0x0000000009c5e800 JavaThread "FelixPackageAdmin" daemon [_thread_blocked, id=7228, stack(0x00000000b4000000,0x00000000b8000000)]
  0x0000000009bb4800 JavaThread "FelixStartLevel" daemon [_thread_blocked, id=8752, stack(0x00000000b0000000,0x00000000b4000000)]
  0x0000000009dd3000 JavaThread "FelixDispatchQueue" daemon [_thread_blocked, id=8876, stack(0x00000000ac000000,0x00000000b0000000)]
  0x0000000009aae800 JavaThread "com.google.common.base.internal.Finalizer" daemon [_thread_blocked, id=8084, stack(0x00000000a0000000,0x00000000a4000000)]
  0x0000000009a6a800 JavaThread "AWT-Windows" daemon [_thread_in_native, id=8556, stack(0x0000000098000000,0x000000009c000000)]
  0x00000000099ed000 JavaThread "Java2D Disposer" daemon [_thread_blocked, id=7432, stack(0x0000000090000000,0x0000000094000000)]
  0x000000003461e000 JavaThread "Timer-0" [_thread_blocked, id=8728, stack(0x000000008c000000,0x0000000090000000)]
  0x00000000097d7000 JavaThread "EventMgr Dispatcher" daemon [_thread_in_native, id=9108, stack(0x0000000088000000,0x000000008c000000)]
  0x00000000343df800 JavaThread "Service Thread" daemon [_thread_blocked, id=4348, stack(0x0000000080000000,0x0000000084000000)]
  0x00000000343de800 JavaThread "C2 CompilerThread1" daemon [_thread_blocked, id=2160, stack(0x0000000077680000,0x000000007b680000)]
  0x00000000343cc800 JavaThread "C2 CompilerThread0" daemon [_thread_blocked, id=2292, stack(0x000000005e410000,0x0000000062410000)]
  0x00000000343cb800 JavaThread "Attach Listener" daemon [_thread_blocked, id=6412, stack(0x0000000055d30000,0x0000000059d30000)]
  0x0000000034348800 JavaThread "Finalizer" daemon [_thread_blocked, id=664, stack(0x0000000051d30000,0x0000000055d30000)]
  0x000000003433c800 JavaThread "Reference Handler" daemon [_thread_blocked, id=8332, stack(0x000000004dd30000,0x0000000051d30000)]
  0x0000000034189000 JavaThread "main" [_thread_in_native, id=3872, stack(0x0000000000030000,0x0000000004030000)]

Other Threads:
  0x0000000034339800 VMThread [stack: 0x0000000049d30000,0x000000004dd30000] [id=5556]
  0x00000000344c1800 WatcherThread [stack: 0x0000000084000000,0x0000000088000000] [id=7224]

VM state:not at safepoint (normal execution)

VM Mutex/Monitor currently owned by a thread:  ([mutex/lock_event])
[0x0000000033fdace0] JNIGlobalHandle_lock - owner thread: 0x0000000009c80800

Heap
 PSYoungGen      total 82048K, used 19072K [0x00000000fa000000, 0x00000000ff510000, 0x0000000100000000)
  eden space 76992K, 20% used [0x00000000fa000000,0x00000000faf16448,0x00000000feb30000)
  from space 5056K, 71% used [0x00000000ff020000,0x00000000ff3a9f40,0x00000000ff510000)
  to   space 5056K, 0% used [0x00000000feb30000,0x00000000feb30000,0x00000000ff020000)
 ParOldGen       total 123584K, used 88745K [0x00000000e8000000, 0x00000000ef8b0000, 0x00000000fa000000)
  object space 123584K, 71% used [0x00000000e8000000,0x00000000ed6aa408,0x00000000ef8b0000)
 PSPermGen       total 110592K, used 61770K [0x00000000e0000000, 0x00000000e6c00000, 0x00000000e8000000)
  object space 110592K, 55% used [0x00000000e0000000,0x00000000e3c529b8,0x00000000e6c00000)

Card table byte_map: [0x0000000037830000,0x0000000037940000] byte_map_base: 0x0000000037130000

Polling page: 0x0000000008360000

Code Cache  [0x0000000034770000, 0x00000000350e0000, 0x0000000037770000)
 total_blobs=3491 nmethods=2819 adapters=620 free_code_cache=39697Kb largest_free_block=40453696

Compilation events (10 events):
Event: 11912.203 Thread 0x00000000343cc800   71 %           java.beans.Introspector::internalFindMethod @ 21 (189 bytes)
Event: 11912.243 Thread 0x00000000343cc800 nmethod 71% 0x00000000350b1910 code [0x00000000350b1ce0, 0x00000000350b3af0]
Event: 11949.766 Thread 0x00000000343de800 3084             com.mathworks.mde.cmdwin.CmdWinSyntaxWrapper::getTokens (140 bytes)
Event: 11949.817 Thread 0x00000000343de800 nmethod 3084 0x00000000350b9c10 code [0x00000000350b9ea0, 0x00000000350bb510]
Event: 11949.835 Thread 0x00000000343cc800 3085             sun.java2d.SunGraphics2D::setColor (108 bytes)
Event: 11949.838 Thread 0x00000000343cc800 nmethod 3085 0x000000003505b710 code [0x000000003505b8a0, 0x000000003505bbe8]
Event: 11949.862 Thread 0x00000000343de800 3086             javax.swing.plaf.basic.BasicTreeUI::paint (483 bytes)
Event: 11949.917 Thread 0x00000000343cc800 3087             java.awt.image.ColorModel::getRGBdefault (31 bytes)
Event: 11949.918 Thread 0x00000000343cc800 nmethod 3087 0x00000000350a4290 code [0x00000000350a43c0, 0x00000000350a4418]
Event: 11950.040 Thread 0x00000000343de800 nmethod 3086 0x00000000350c69d0 code [0x00000000350c7060, 0x00000000350cfa28]

GC Heap History (10 events):
Event: 11741.152 GC heap before
{Heap before GC invocations=2255 (full 3):
 PSYoungGen      total 81024K, used 78300K [0x00000000fa000000, 0x00000000ff420000, 0x0000000100000000)
  eden space 76096K, 100% used [0x00000000fa000000,0x00000000fea50000,0x00000000fea50000)
  from space 4928K, 44% used [0x00000000fea50000,0x00000000fec77248,0x00000000fef20000)
  to   space 4864K, 0% used [0x00000000fef60000,0x00000000fef60000,0x00000000ff420000)
 ParOldGen       total 123584K, used 88362K [0x00000000e8000000, 0x00000000ef8b0000, 0x00000000fa000000)
  object space 123584K, 71% used [0x00000000e8000000,0x00000000ed64a910,0x00000000ef8b0000)
 PSPermGen       total 110592K, used 61683K [0x00000000e0000000, 0x00000000e6c00000, 0x00000000e8000000)
  object space 110592K, 55% used [0x00000000e0000000,0x00000000e3c3cca0,0x00000000e6c00000)
Event: 11741.197 GC heap after
Heap after GC invocations=2255 (full 3):
 PSYoungGen      total 81088K, used 3845K [0x00000000fa000000, 0x00000000ff4a0000, 0x0000000100000000)
  eden space 76224K, 0% used [0x00000000fa000000,0x00000000fa000000,0x00000000fea70000)
  from space 4864K, 79% used [0x00000000fef60000,0x00000000ff3214d0,0x00000000ff420000)
  to   space 5056K, 0% used [0x00000000fea70000,0x00000000fea70000,0x00000000fef60000)
 ParOldGen       total 123584K, used 88426K [0x00000000e8000000, 0x00000000ef8b0000, 0x00000000fa000000)
  object space 123584K, 71% used [0x00000000e8000000,0x00000000ed65a910,0x00000000ef8b0000)
 PSPermGen       total 110592K, used 61683K [0x00000000e0000000, 0x00000000e6c00000, 0x00000000e8000000)
  object space 110592K, 55% used [0x00000000e0000000,0x00000000e3c3cca0,0x00000000e6c00000)
}
Event: 11800.013 GC heap before
{Heap before GC invocations=2256 (full 3):
 PSYoungGen      total 81088K, used 80069K [0x00000000fa000000, 0x00000000ff4a0000, 0x0000000100000000)
  eden space 76224K, 100% used [0x00000000fa000000,0x00000000fea70000,0x00000000fea70000)
  from space 4864K, 79% used [0x00000000fef60000,0x00000000ff3214d0,0x00000000ff420000)
  to   space 5056K, 0% used [0x00000000fea70000,0x00000000fea70000,0x00000000fef60000)
 ParOldGen       total 123584K, used 88426K [0x00000000e8000000, 0x00000000ef8b0000, 0x00000000fa000000)
  object space 123584K, 71% used [0x00000000e8000000,0x00000000ed65a910,0x00000000ef8b0000)
 PSPermGen       total 110592K, used 61688K [0x00000000e0000000, 0x00000000e6c00000, 0x00000000e8000000)
  object space 110592K, 55% used [0x00000000e0000000,0x00000000e3c3e1c0,0x00000000e6c00000)
Event: 11800.045 GC heap after
Heap after GC invocations=2256 (full 3):
 PSYoungGen      total 81280K, used 3587K [0x00000000fa000000, 0x00000000ff4d0000, 0x0000000100000000)
  eden space 76224K, 0% used [0x00000000fa000000,0x00000000fa000000,0x00000000fea70000)
  from space 5056K, 70% used [0x00000000fea70000,0x00000000fedf0d28,0x00000000fef60000)
  to   space 5120K, 0% used [0x00000000fefd0000,0x00000000fefd0000,0x00000000ff4d0000)
 ParOldGen       total 123584K, used 88458K [0x00000000e8000000, 0x00000000ef8b0000, 0x00000000fa000000)
  object space 123584K, 71% used [0x00000000e8000000,0x00000000ed662910,0x00000000ef8b0000)
 PSPermGen       total 110592K, used 61688K [0x00000000e0000000, 0x00000000e6c00000, 0x00000000e8000000)
  object space 110592K, 55% used [0x00000000e0000000,0x00000000e3c3e1c0,0x00000000e6c00000)
}
Event: 11835.909 GC heap before
{Heap before GC invocations=2257 (full 3):
 PSYoungGen      total 81280K, used 79811K [0x00000000fa000000, 0x00000000ff4d0000, 0x0000000100000000)
  eden space 76224K, 100% used [0x00000000fa000000,0x00000000fea70000,0x00000000fea70000)
  from space 5056K, 70% used [0x00000000fea70000,0x00000000fedf0d28,0x00000000fef60000)
  to   space 5120K, 0% used [0x00000000fefd0000,0x00000000fefd0000,0x00000000ff4d0000)
 ParOldGen       total 123584K, used 88458K [0x00000000e8000000, 0x00000000ef8b0000, 0x00000000fa000000)
  object space 123584K, 71% used [0x00000000e8000000,0x00000000ed662910,0x00000000ef8b0000)
 PSPermGen       total 110592K, used 61688K [0x00000000e0000000, 0x00000000e6c00000, 0x00000000e8000000)
  object space 110592K, 55% used [0x00000000e0000000,0x00000000e3c3e2f0,0x00000000e6c00000)
Event: 11835.945 GC heap after
Heap after GC invocations=2257 (full 3):
 PSYoungGen      total 81728K, used 3575K [0x00000000fa000000, 0x00000000ff4d0000, 0x0000000100000000)
  eden space 76608K, 0% used [0x00000000fa000000,0x00000000fa000000,0x00000000fead0000)
  from space 5120K, 69% used [0x00000000fefd0000,0x00000000ff34dc48,0x00000000ff4d0000)
  to   space 5120K, 0% used [0x00000000fead0000,0x00000000fead0000,0x00000000fefd0000)
 ParOldGen       total 123584K, used 88673K [0x00000000e8000000, 0x00000000ef8b0000, 0x00000000fa000000)
  object space 123584K, 71% used [0x00000000e8000000,0x00000000ed698408,0x00000000ef8b0000)
 PSPermGen       total 110592K, used 61688K [0x00000000e0000000, 0x00000000e6c00000, 0x00000000e8000000)
  object space 110592K, 55% used [0x00000000e0000000,0x00000000e3c3e2f0,0x00000000e6c00000)
}
Event: 11894.602 GC heap before
{Heap before GC invocations=2258 (full 3):
 PSYoungGen      total 81728K, used 80183K [0x00000000fa000000, 0x00000000ff4d0000, 0x0000000100000000)
  eden space 76608K, 100% used [0x00000000fa000000,0x00000000fead0000,0x00000000fead0000)
  from space 5120K, 69% used [0x00000000fefd0000,0x00000000ff34dc48,0x00000000ff4d0000)
  to   space 5120K, 0% used [0x00000000fead0000,0x00000000fead0000,0x00000000fefd0000)
 ParOldGen       total 123584K, used 88673K [0x00000000e8000000, 0x00000000ef8b0000, 0x00000000fa000000)
  object space 123584K, 71% used [0x00000000e8000000,0x00000000ed698408,0x00000000ef8b0000)
 PSPermGen       total 110592K, used 61695K [0x00000000e0000000, 0x00000000e6c00000, 0x00000000e8000000)
  object space 110592K, 55% used [0x00000000e0000000,0x00000000e3c3fd60,0x00000000e6c00000)
Event: 11894.625 GC heap after
Heap after GC invocations=2258 (full 3):
 PSYoungGen      total 81728K, used 3495K [0x00000000fa000000, 0x00000000ff510000, 0x0000000100000000)
  eden space 76608K, 0% used [0x00000000fa000000,0x00000000fa000000,0x00000000fead0000)
  from space 5120K, 68% used [0x00000000fead0000,0x00000000fee39ef0,0x00000000fefd0000)
  to   space 5056K, 0% used [0x00000000ff020000,0x00000000ff020000,0x00000000ff510000)
 ParOldGen       total 123584K, used 88705K [0x00000000e8000000, 0x00000000ef8b0000, 0x00000000fa000000)
  object space 123584K, 71% used [0x00000000e8000000,0x00000000ed6a0408,0x00000000ef8b0000)
 PSPermGen       total 110592K, used 61695K [0x00000000e0000000, 0x00000000e6c00000, 0x00000000e8000000)
  object space 110592K, 55% used [0x00000000e0000000,0x00000000e3c3fd60,0x00000000e6c00000)
}
Event: 11947.649 GC heap before
{Heap before GC invocations=2259 (full 3):
 PSYoungGen      total 81728K, used 80103K [0x00000000fa000000, 0x00000000ff510000, 0x0000000100000000)
  eden space 76608K, 100% used [0x00000000fa000000,0x00000000fead0000,0x00000000fead0000)
  from space 5120K, 68% used [0x00000000fead0000,0x00000000fee39ef0,0x00000000fefd0000)
  to   space 5056K, 0% used [0x00000000ff020000,0x00000000ff020000,0x00000000ff510000)
 ParOldGen       total 123584K, used 88705K [0x00000000e8000000, 0x00000000ef8b0000, 0x00000000fa000000)
  object space 123584K, 71% used [0x00000000e8000000,0x00000000ed6a0408,0x00000000ef8b0000)
 PSPermGen       total 110592K, used 61767K [0x00000000e0000000, 0x00000000e6c00000, 0x00000000e8000000)
  object space 110592K, 55% used [0x00000000e0000000,0x00000000e3c51c28,0x00000000e6c00000)
Event: 11947.696 GC heap after
Heap after GC invocations=2259 (full 3):
 PSYoungGen      total 82048K, used 3623K [0x00000000fa000000, 0x00000000ff510000, 0x0000000100000000)
  eden space 76992K, 0% used [0x00000000fa000000,0x00000000fa000000,0x00000000feb30000)
  from space 5056K, 71% used [0x00000000ff020000,0x00000000ff3a9f40,0x00000000ff510000)
  to   space 5056K, 0% used [0x00000000feb30000,0x00000000feb30000,0x00000000ff020000)
 ParOldGen       total 123584K, used 88745K [0x00000000e8000000, 0x00000000ef8b0000, 0x00000000fa000000)
  object space 123584K, 71% used [0x00000000e8000000,0x00000000ed6aa408,0x00000000ef8b0000)
 PSPermGen       total 110592K, used 61767K [0x00000000e0000000, 0x00000000e6c00000, 0x00000000e8000000)
  object space 110592K, 55% used [0x00000000e0000000,0x00000000e3c51c28,0x00000000e6c00000)
}

Deoptimization events (10 events):
Event: 11749.373 Thread 0x0000000009c80800 Uncommon trap -42 fr.pc 0x0000000034dd3da0
Event: 11840.505 Thread 0x0000000009c80800 Uncommon trap -34 fr.pc 0x0000000035071d48
Event: 11840.514 Thread 0x0000000009c80800 Uncommon trap -58 fr.pc 0x0000000034f25850
Event: 11890.958 Thread 0x0000000009c80800 Uncommon trap -34 fr.pc 0x0000000034f0a750
Event: 11890.958 Thread 0x0000000009c80800 Uncommon trap -34 fr.pc 0x0000000034f0a750
Event: 11890.958 Thread 0x0000000009c80800 Uncommon trap -34 fr.pc 0x0000000034f0a750
Event: 11890.959 Thread 0x0000000009c80800 Uncommon trap -34 fr.pc 0x0000000034f0a750
Event: 11912.145 Thread 0x0000000034189000 Uncommon trap -83 fr.pc 0x0000000034d68cc4
Event: 11945.309 Thread 0x0000000009c80800 Uncommon trap -58 fr.pc 0x0000000034a790c0
Event: 11945.361 Thread 0x0000000009c80800 Uncommon trap -58 fr.pc 0x0000000034a790c0

Internal exceptions (10 events):
Event: 11912.869 Thread 0x0000000034189000 Threw 0x00000000fc7e4d20 at C:\jdk7u1_64p\jdk7u11\hotspot\src\share\vm\prims\jvm.cpp:1166
Event: 11912.869 Thread 0x0000000034189000 Threw 0x00000000fc7f71a0 at C:\jdk7u1_64p\jdk7u11\hotspot\src\share\vm\prims\jvm.cpp:1166
Event: 11912.869 Thread 0x0000000034189000 Threw 0x00000000fc7f75f0 at C:\jdk7u1_64p\jdk7u11\hotspot\src\share\vm\prims\jvm.cpp:1166
Event: 11912.870 Thread 0x0000000034189000 Threw 0x00000000fc809a70 at C:\jdk7u1_64p\jdk7u11\hotspot\src\share\vm\prims\jvm.cpp:1166
Event: 11913.016 Thread 0x0000000034189000 Threw 0x00000000fc80b2c0 at C:\jdk7u1_64p\jdk7u11\hotspot\src\share\vm\prims\jvm.cpp:1166
Event: 11913.017 Thread 0x0000000034189000 Threw 0x00000000fc81bf10 at C:\jdk7u1_64p\jdk7u11\hotspot\src\share\vm\prims\jvm.cpp:1166
Event: 11913.017 Thread 0x0000000034189000 Threw 0x00000000fc81c230 at C:\jdk7u1_64p\jdk7u11\hotspot\src\share\vm\prims\jvm.cpp:1166
Event: 11913.018 Thread 0x0000000034189000 Threw 0x00000000fc82ce88 at C:\jdk7u1_64p\jdk7u11\hotspot\src\share\vm\prims\jvm.cpp:1166
Event: 11913.018 Thread 0x0000000034189000 Threw 0x00000000fc82d2d0 at C:\jdk7u1_64p\jdk7u11\hotspot\src\share\vm\prims\jvm.cpp:1166
Event: 11913.018 Thread 0x0000000034189000 Threw 0x00000000fc83df28 at C:\jdk7u1_64p\jdk7u11\hotspot\src\share\vm\prims\jvm.cpp:1166

Events (10 events):
Event: 11950.008 Executing VM operation: RevokeBias
Event: 11950.008 Executing VM operation: RevokeBias done
Event: 11950.015 Executing VM operation: RevokeBias
Event: 11950.015 Executing VM operation: RevokeBias done
Event: 11950.112 Executing VM operation: RevokeBias
Event: 11950.112 Executing VM operation: RevokeBias done
Event: 11950.120 Executing VM operation: RevokeBias
Event: 11950.121 Executing VM operation: RevokeBias done
Event: 11950.128 Executing VM operation: RevokeBias
Event: 11950.128 Executing VM operation: RevokeBias done


Dynamic libraries:
0x0000000140000000 - 0x0000000140029000 	C:\Program Files\Matlab\R2013b\bin\win64\MATLAB.exe
0x00000000774c0000 - 0x000000007765f000 	C:\Windows\SYSTEM32\ntdll.dll
0x00000000773a0000 - 0x00000000774bf000 	C:\Windows\system32\kernel32.dll
0x000007fefd240000 - 0x000007fefd2aa000 	C:\Windows\system32\KERNELBASE.dll
0x000000006f060000 - 0x000000006f3dc000 	C:\Program Files\Matlab\R2013b\bin\win64\libmwservices.dll
0x000000006fe80000 - 0x000000006ff56000 	C:\Program Files\Matlab\R2013b\bin\win64\libmwi18n.dll
0x000000006fe70000 - 0x000000006fe7d000 	C:\Program Files\Matlab\R2013b\bin\win64\libmwresource_core.dll
0x000000005ddf0000 - 0x000000005de88000 	C:\Program Files\Matlab\R2013b\bin\win64\MSVCP100.dll
0x000000005dd10000 - 0x000000005dde2000 	C:\Program Files\Matlab\R2013b\bin\win64\MSVCR100.dll
0x000000006ac00000 - 0x000000006ac0e000 	C:\Program Files\Matlab\R2013b\bin\win64\boost_date_time-vc100-mt-1_49.dll
0x000000006abd0000 - 0x000000006abfc000 	C:\Program Files\Matlab\R2013b\bin\win64\boost_filesystem-vc100-mt-1_49.dll
0x000000006ac10000 - 0x000000006ac19000 	C:\Program Files\Matlab\R2013b\bin\win64\boost_system-vc100-mt-1_49.dll
0x000007fefdf30000 - 0x000007fefe00b000 	C:\Windows\system32\ADVAPI32.dll
0x000007fefe2c0000 - 0x000007fefe35f000 	C:\Windows\system32\msvcrt.dll
0x000007feff4c0000 - 0x000007feff4df000 	C:\Windows\SYSTEM32\sechost.dll
0x000007fefdb20000 - 0x000007fefdc4d000 	C:\Windows\system32\RPCRT4.dll
0x0000000067020000 - 0x0000000067045000 	C:\Program Files\Matlab\R2013b\bin\win64\LIBEXPAT.dll
0x000000005db80000 - 0x000000005dd0a000 	C:\Program Files\Matlab\R2013b\bin\win64\icuin49.dll
0x000000005da40000 - 0x000000005db7e000 	C:\Program Files\Matlab\R2013b\bin\win64\icuuc49.dll
0x000000005c910000 - 0x000000005da32000 	C:\Program Files\Matlab\R2013b\bin\win64\icudt49.dll
0x000000006abc0000 - 0x000000006abd0000 	C:\Program Files\Matlab\R2013b\bin\win64\icuio49.dll
0x0000000004280000 - 0x000000000433b000 	C:\Program Files\Matlab\R2013b\bin\win64\libut.dll
0x000000006f960000 - 0x000000006fb07000 	C:\Program Files\Matlab\R2013b\bin\win64\libmwfl.dll
0x0000000004340000 - 0x000000000474f000 	C:\Program Files\Matlab\R2013b\bin\win64\libmwMATLAB_res.dll
0x000000005c830000 - 0x000000005c90f000 	C:\Program Files\Matlab\R2013b\bin\win64\boost_regex-vc100-mt-1_49.dll
0x00000000772a0000 - 0x000000007739a000 	C:\Windows\system32\USER32.dll
0x000007fefe010000 - 0x000007fefe077000 	C:\Windows\system32\GDI32.dll
0x000007fefe080000 - 0x000007fefe08e000 	C:\Windows\system32\LPK.dll
0x000007fefdc50000 - 0x000007fefdd1b000 	C:\Windows\system32\USP10.dll
0x000000006aba0000 - 0x000000006abb1000 	C:\Program Files\Matlab\R2013b\bin\win64\boost_signals-vc100-mt-1_49.dll
0x0000000067070000 - 0x0000000067081000 	C:\Program Files\Matlab\R2013b\bin\win64\boost_thread-vc100-mt-1_49.dll
0x000000005dea0000 - 0x000000005df2c000 	C:\Program Files\Matlab\R2013b\bin\win64\boost_log-vc100-mt-1_49.dll
0x0000000077670000 - 0x0000000077677000 	C:\Windows\system32\PSAPI.DLL
0x000007fefe090000 - 0x000007fefe0dd000 	C:\Windows\system32\WS2_32.dll
0x000007fefdf20000 - 0x000007fefdf28000 	C:\Windows\system32\NSI.dll
0x000007feeeed0000 - 0x000007feeef03000 	C:\Program Files\Matlab\R2013b\bin\win64\tbb.dll
0x000007fefe4f0000 - 0x000007fefe509000 	C:\Windows\system32\imagehlp.dll
0x000007fefb940000 - 0x000007fefb96c000 	C:\Windows\system32\POWRPROF.dll
0x000007fefe0e0000 - 0x000007fefe2b7000 	C:\Windows\system32\SETUPAPI.dll
0x000007fefd1f0000 - 0x000007fefd226000 	C:\Windows\system32\CFGMGR32.dll
0x000007fefda40000 - 0x000007fefdb1a000 	C:\Windows\system32\OLEAUT32.dll
0x000007fefdd20000 - 0x000007fefdf1d000 	C:\Windows\system32\ole32.dll
0x000007fefd1c0000 - 0x000007fefd1da000 	C:\Windows\system32\DEVOBJ.dll
0x0000000004750000 - 0x000000000484b000 	C:\Program Files\Matlab\R2013b\bin\win64\libmx.dll
0x000007fef3db0000 - 0x000007fef3dd8000 	C:\Program Files\Matlab\R2013b\bin\win64\tbbmalloc.dll
0x0000000066920000 - 0x0000000066937000 	C:\Program Files\Matlab\R2013b\bin\win64\zlib1.dll
0x000000006ef00000 - 0x000000006ef4e000 	C:\Program Files\Matlab\R2013b\bin\win64\libmwregexp.dll
0x000000006eeb0000 - 0x000000006eef7000 	C:\Program Files\Matlab\R2013b\bin\win64\mpath.dll
0x0000000004850000 - 0x0000000004e78000 	C:\Program Files\Matlab\R2013b\bin\win64\mlutil.dll
0x000000006e870000 - 0x000000006e8e7000 	C:\Program Files\Matlab\R2013b\bin\win64\xmlcore.dll
0x000000005c5e0000 - 0x000000005c821000 	C:\Program Files\Matlab\R2013b\bin\win64\xerces-c_2_7.dll
0x000000006e5f0000 - 0x000000006e613000 	C:\Program Files\Matlab\R2013b\bin\win64\libmwMATLAB_settings_res.dll
0x0000000066db0000 - 0x0000000066dc0000 	C:\Program Files\Matlab\R2013b\bin\win64\boost_iostreams-vc100-mt-1_49.dll
0x000000005c590000 - 0x000000005c5d6000 	C:\Program Files\Matlab\R2013b\bin\win64\boost_serialization-vc100-mt-1_49.dll
0x000007fefe510000 - 0x000007feff29b000 	C:\Windows\system32\SHELL32.dll
0x000007fefd9c0000 - 0x000007fefda31000 	C:\Windows\system32\SHLWAPI.dll
0x000000006e580000 - 0x000000006e586000 	C:\Program Files\Matlab\R2013b\bin\win64\libmwnativedisplay.dll
0x00000000685f0000 - 0x000000006863d000 	C:\Program Files\Matlab\R2013b\bin\win64\opccore.dll
0x00000000684f0000 - 0x00000000685c6000 	C:\Program Files\Matlab\R2013b\bin\win64\opcmodel.dll
0x00000000684c0000 - 0x00000000684ed000 	C:\Program Files\Matlab\R2013b\bin\win64\opczippackage.dll
0x0000000066910000 - 0x000000006691e000 	C:\Program Files\Matlab\R2013b\bin\win64\libminizip.dll
0x0000000068340000 - 0x00000000683a6000 	C:\Program Files\Matlab\R2013b\bin\win64\opcmwservices.dll
0x000007fef3730000 - 0x000007fef37d0000 	C:\Windows\WinSxS\amd64_microsoft.windows.common-controls_6595b64144ccf1df_5.82.7601.18837_none_a4d981ff711297b6\COMCTL32.dll
0x000007feff2a0000 - 0x000007feff337000 	C:\Windows\system32\COMDLG32.dll
0x000007fefb040000 - 0x000007fefb056000 	C:\Windows\system32\NETAPI32.dll
0x000007fefc790000 - 0x000007fefc79c000 	C:\Windows\system32\netutils.dll
0x000007fefcc00000 - 0x000007fefcc23000 	C:\Windows\system32\srvcli.dll
0x000007fefb020000 - 0x000007fefb035000 	C:\Windows\system32\wkscli.dll
0x000000006e4d0000 - 0x000000006e57d000 	C:\Program Files\Matlab\R2013b\bin\win64\mcr.dll
0x000000006e110000 - 0x000000006e4d0000 	C:\Program Files\Matlab\R2013b\bin\win64\iqm.dll
0x0000000180000000 - 0x00000001800c2000 	C:\Program Files\Matlab\R2013b\bin\win64\m_dispatcher.dll
0x0000000004e80000 - 0x000000000567b000 	C:\Program Files\Matlab\R2013b\bin\win64\m_interpreter.dll
0x000000006d760000 - 0x000000006d784000 	C:\Program Files\Matlab\R2013b\bin\win64\libmex.dll
0x000000006d6e0000 - 0x000000006d75b000 	C:\Program Files\Matlab\R2013b\bin\win64\profiler.dll
0x000000006d450000 - 0x000000006d5c8000 	C:\Program Files\Matlab\R2013b\bin\win64\libmwmathutil.dll
0x000000006d420000 - 0x000000006d447000 	C:\Program Files\Matlab\R2013b\bin\win64\libmwmathrng.dll
0x000000006d410000 - 0x000000006d420000 	C:\Program Files\Matlab\R2013b\bin\win64\libmwmfl_rng.dll
0x0000000005680000 - 0x0000000005798000 	C:\Program Files\Matlab\R2013b\bin\win64\libmwmathcore.dll
0x000000006d2b0000 - 0x000000006d313000 	C:\Program Files\Matlab\R2013b\bin\win64\libmwspmatrix.dll
0x00000000057a0000 - 0x0000000005a02000 	C:\Program Files\Matlab\R2013b\bin\win64\mcos.dll
0x000000006cfc0000 - 0x000000006d01c000 	C:\Program Files\Matlab\R2013b\bin\win64\libmwcholmod.dll
0x000000006cfb0000 - 0x000000006cfbc000 	C:\Program Files\Matlab\R2013b\bin\win64\libmwamd.dll
0x000000006cfa0000 - 0x000000006cfab000 	C:\Program Files\Matlab\R2013b\bin\win64\libmwcolamd.dll
0x000000006cf80000 - 0x000000006cf93000 	C:\Program Files\Matlab\R2013b\bin\win64\libmwblas.dll
0x000000006cf60000 - 0x000000006cf75000 	C:\Program Files\Matlab\R2013b\bin\win64\libmwbinder.dll
0x000000006cf50000 - 0x000000006cf5b000 	C:\Program Files\Matlab\R2013b\bin\win64\libmwompwrapper.dll
0x000000006ced0000 - 0x000000006cf4f000 	C:\Program Files\Matlab\R2013b\bin\win64\libmwlapack.dll
0x000000006ceb0000 - 0x000000006ced0000 	C:\Program Files\Matlab\R2013b\bin\win64\m_pcodeio.dll
0x000000006ce50000 - 0x000000006ceac000 	C:\Program Files\Matlab\R2013b\bin\win64\m_ir.dll
0x0000000005a10000 - 0x00000000060c5000 	C:\Program Files\Matlab\R2013b\bin\win64\m_parser.dll
0x000000006c780000 - 0x000000006c797000 	C:\Program Files\Matlab\R2013b\bin\win64\ir_xfmr.dll
0x000000006c770000 - 0x000000006c780000 	C:\Program Files\Matlab\R2013b\bin\win64\mtok.dll
0x000000006c740000 - 0x000000006c768000 	C:\Program Files\Matlab\R2013b\bin\win64\m_pcodegen.dll
0x000007fefa690000 - 0x000007fefa7b5000 	C:\Windows\system32\dbghelp.dll
0x000000006c710000 - 0x000000006c73f000 	C:\Program Files\Matlab\R2013b\bin\win64\libmwbridge.dll
0x000000006c650000 - 0x000000006c706000 	C:\Program Files\Matlab\R2013b\bin\win64\udd.dll
0x00000000060d0000 - 0x0000000006221000 	C:\Program Files\Matlab\R2013b\bin\win64\libmwgui.dll
0x000000006c4d0000 - 0x000000006c4f8000 	C:\Program Files\Matlab\R2013b\bin\win64\graphics_util.dll
0x000000005c4d0000 - 0x000000005c588000 	C:\Program Files\Matlab\R2013b\bin\win64\libtex_base.dll
0x000000006bac0000 - 0x000000006c426000 	C:\Program Files\Matlab\R2013b\bin\win64\hg.dll
0x000000006ba60000 - 0x000000006babd000 	C:\Program Files\Matlab\R2013b\bin\win64\libmat.dll
0x000000006b850000 - 0x000000006ba58000 	C:\Program Files\Matlab\R2013b\bin\win64\hdf5dll.dll
0x000000006b780000 - 0x000000006b848000 	C:\Program Files\Matlab\R2013b\bin\win64\jmi.dll
0x000000006b770000 - 0x000000006b77e000 	C:\Program Files\Matlab\R2013b\bin\win64\nativejava_services.dll
0x0000000004120000 - 0x0000000004162000 	C:\Program Files\Matlab\R2013b\bin\win64\libmwhardcopy.dll
0x000000006b6d0000 - 0x000000006b72e000 	C:\Program Files\Matlab\R2013b\bin\win64\libuij.dll
0x000000006b490000 - 0x000000006b695000 	C:\Program Files\Matlab\R2013b\bin\win64\hgdatatypes.dll
0x0000000006230000 - 0x0000000006342000 	C:\Program Files\Matlab\R2013b\bin\win64\hgutils.dll
0x000000006b2f0000 - 0x000000006b39e000 	C:\Program Files\Matlab\R2013b\bin\win64\udd_mi.dll
0x000000006b2b0000 - 0x000000006b2e6000 	C:\Program Files\Matlab\R2013b\bin\win64\libmwgbtutils.dll
0x000000006b290000 - 0x000000006b2a3000 	C:\Program Files\Matlab\R2013b\bin\win64\libmwgbt.dll
0x000000006afc0000 - 0x000000006b28f000 	C:\Program Files\Matlab\R2013b\bin\win64\uiw.dll
0x000000006afb0000 - 0x000000006afb9000 	C:\Program Files\Matlab\R2013b\bin\win64\uinone.dll
0x000000006af80000 - 0x000000006afac000 	C:\Program Files\Matlab\R2013b\bin\win64\libmwnativedialogs.dll
0x000000006af70000 - 0x000000006af7c000 	C:\Program Files\Matlab\R2013b\bin\win64\libmwplatform_res.dll
0x000007fef9f80000 - 0x000007fef9f98000 	C:\Windows\system32\MPR.dll
0x000000005bf70000 - 0x000000005c4cd000 	C:\Program Files\Matlab\R2013b\bin\win64\mfc100.dll
0x000007fef0bc0000 - 0x000007fef0bc7000 	C:\Windows\system32\MSIMG32.dll
0x000007fef61f0000 - 0x000007fef6261000 	C:\Windows\system32\WINSPOOL.DRV
0x000000006af50000 - 0x000000006af6d000 	C:\Program Files\Matlab\R2013b\bin\win64\mwoles05.DLL
0x000000006aee0000 - 0x000000006af4c000 	C:\Program Files\Matlab\R2013b\bin\win64\comcli.dll
0x000000005e3e0000 - 0x000000005e40b000 	C:\Program Files\Matlab\R2013b\bin\win64\ATL100.DLL
0x000000006aed0000 - 0x000000006aedc000 	C:\Program Files\Matlab\R2013b\bin\win64\mlautoregister.dll
0x0000000006350000 - 0x00000000064bf000 	C:\Program Files\Matlab\R2013b\bin\win64\mvm.dll
0x000007fefd990000 - 0x000007fefd9be000 	C:\Windows\system32\IMM32.DLL
0x000007fefd880000 - 0x000007fefd989000 	C:\Windows\system32\MSCTF.dll
0x000007fefb730000 - 0x000007fefb786000 	C:\Windows\system32\UxTheme.dll
0x000007fefb450000 - 0x000007fefb468000 	C:\Windows\system32\dwmapi.dll

VM Arguments:
jvm_args: -XX:PermSize=32m -Xms64m -XX:NewRatio=3 -XX:MaxPermSize=128m -Xmx384m -XX:MaxDirectMemorySize=2147400000 -Dsun.java2d.noddraw=true -Dsun.awt.nopixfmt=true -Xshare:off -Xrs -XX:-UseSplitVerifier -Djava.library.path=C:\Program Files\Matlab\R2013b\bin\win64;C:\Program Files\Matlab\R2013b\sys\jxbrowser\win64\lib vfprintf abort -Duser.language=en -Duser.country=NZ 
java_command: <unknown>
Launcher Type: generic

Environment Variables:
PATH=C:\ProgramData\Oracle\Java\javapath;C:\Program Files\Common Files\Microsoft Shared\Windows Live;C:\Program Files (x86)\Common Files\Microsoft Shared\Windows Live;C:\Windows\system32;C:\Windows;C:\Windows\System32\Wbem;C:\Windows\System32\WindowsPowerShell\v1.0\;C:\Program Files\Google\Google Apps Sync\;C:\Program Files (x86)\Microsoft Application Virtualization Client;C:\PROGRA~1\Matlab\R2017a\runtime\win64;C:\PROGRA~1\Matlab\R2017a\bin;C:\PROGRA~1\Matlab\R2013b\runtime\win64;C:\PROGRA~1\Matlab\R2013b\bin;C:\Program Files (x86)\Windows Live\Shared;C:\Program Files (x86)\QuickTime\QTSystem\;C:\Program Files\MiKTeX 2.9\miktex\bin\x64\;C:\Program Files\SumatraPDF
USERNAME=bkn5
OS=Windows_NT
PROCESSOR_IDENTIFIER=Intel64 Family 6 Model 60 Stepping 3, GenuineIntel



---------------  S Y S T E M  ---------------

OS: Windows 7 , 64 bit Build 7601 Service Pack 1

CPU:total 4 (4 cores per cpu, 1 threads per core) family 6 model 60 stepping 3, cmov, cx8, fxsr, mmx, sse, sse2, sse3, ssse3, sse4.1, sse4.2, popcnt, avx, avx2, tsc, tscinvbit

Memory: 4k page, physical 8294592k(5115268k free), swap 20580716k(14599204k free)

vm_info: Java HotSpot(TM) 64-Bit Server VM (23.6-b04) for windows-amd64 JRE (1.7.0_11-b21), built on Jan 12 2013 02:38:42 by "java_re" with unknown MS VC++:1600

time: Tue Jun 19 13:46:24 2018
elapsed time: 11950 seconds

